22:27:42 **** Clean-only build of configuration Release for project BaseStationNode ****
make clean 
rm -rf  ./BS_DataLinkLayer.o ./BS_PhysicLayer.o ./BS_main.o ./CC2500.o ./TI_CC_spi.o ./UART.o ./utility.o  libUSER_OBJS.a  BaseStationNode.elf
 
22:27:45 **** Build of configuration Release for project BaseStationNode ****
make all 
Building file: ../BS_DataLinkLayer.c
Invoking: MSP430 C Compiler
msp430-gcc -O3 -g0 -Wall -mmcu=msp430f2274 -std=gnu99 -c -o "BS_DataLinkLayer.o" "../BS_DataLinkLayer.c"
../BS_DataLinkLayer.c: In function ‘receiveDLPacket’:
../BS_DataLinkLayer.c:45:3: warning: implicit declaration of function ‘receiveBroadcastPacket’ [-Wimplicit-function-declaration]
../BS_DataLinkLayer.c:49:7: warning: array subscript has type ‘char’ [-Wchar-subscripts]
../BS_DataLinkLayer.c:51:8: warning: implicit declaration of function ‘receiveMeasurementDLLPacketToSerialPort’ [-Wimplicit-function-declaration]
../BS_DataLinkLayer.c: In function ‘sendNetworkBuildDLLPacket’:
../BS_DataLinkLayer.c:67:4: warning: implicit declaration of function ‘sendNetworkPacketToSerialPort’ [-Wimplicit-function-declaration]
../BS_DataLinkLayer.c: At top level:
../BS_DataLinkLayer.c:72:6: warning: conflicting types for ‘sendNetworkPacketToSerialPort’ [enabled by default]
../BS_DataLinkLayer.c:67:4: note: previous implicit declaration of ‘sendNetworkPacketToSerialPort’ was here
../BS_DataLinkLayer.c:107:6: warning: conflicting types for ‘receiveMeasurementDLLPacketToSerialPort’ [enabled by default]
../BS_DataLinkLayer.c:51:8: note: previous implicit declaration of ‘receiveMeasurementDLLPacketToSerialPort’ was here
../BS_DataLinkLayer.c: In function ‘receiveMeasurementDLLPacketToSerialPort’:
Finished building: ../BS_DataLinkLayer.c
 
Building file: ../BS_PhysicLayer.c
Invoking: MSP430 C Compiler
msp430-gcc -O3 -g0 -Wall -mmcu=msp430f2274 -std=gnu99 -c -o "BS_PhysicLayer.o" "../BS_PhysicLayer.c"
../BS_DataLinkLayer.c:111:2: warning: implicit declaration of function ‘itoa’ [-Wimplicit-function-declaration]
../BS_DataLinkLayer.c: At top level:
../BS_DataLinkLayer.c:198:6: warning: conflicting types for ‘receiveBroadcastPacket’ [enabled by default]
../BS_DataLinkLayer.c:45:3: note: previous implicit declaration of ‘receiveBroadcastPacket’ was here
../BS_PhysicLayer.c: In function ‘port2_ISR’:
../BS_PhysicLayer.c:16:4: warning: pointer targets in passing argument 2 of ‘RFReceivePacket’ differ in signedness [-Wpointer-sign]
../CC2500.h:15:6: note: expected ‘char *’ but argument is of type ‘unsigned char *’
../BS_PhysicLayer.c: In function ‘receivePPacket’:
../BS_PhysicLayer.c:29:2: warning: implicit declaration of function ‘sendString’ [-Wimplicit-function-declaration]
../BS_PhysicLayer.c:31:4: warning: implicit declaration of function ‘receiveDLPacket’ [-Wimplicit-function-declaration]
../BS_PhysicLayer.c: In function ‘sendPPacket’:
../BS_PhysicLayer.c:41:4: warning: implicit declaration of function ‘sendPPacketToSerialPort’ [-Wimplicit-function-declaration]
../BS_PhysicLayer.c: At top level:
../BS_PhysicLayer.c:46:6: warning: conflicting types for ‘sendPPacketToSerialPort’ [enabled by default]
Finished building: ../BS_PhysicLayer.c
../BS_PhysicLayer.c:41:4: note: previous implicit declaration of ‘sendPPacketToSerialPort’ was here
 
Building file: ../BS_main.c
Invoking: MSP430 C Compiler
msp430-gcc -O3 -g0 -Wall -mmcu=msp430f2274 -std=gnu99 -c -o "BS_main.o" "../BS_main.c"
../BS_PhysicLayer.c: In function ‘sendPPacketToSerialPort’:
../BS_PhysicLayer.c:53:4: warning: implicit declaration of function ‘itoa’ [-Wimplicit-function-declaration]
../BS_PhysicLayer.c:64:4: warning: implicit declaration of function ‘sendChar’ [-Wimplicit-function-declaration]
Finished building: ../BS_main.c
 
Building file: ../CC2500.c
Invoking: MSP430 C Compiler
msp430-gcc -O3 -g0 -Wall -mmcu=msp430f2274 -std=gnu99 -c -o "CC2500.o" "../CC2500.c"
../BS_main.c: In function ‘main’:
../BS_main.c:83:7: warning: unused variable ‘txbuffertmp’ [-Wunused-variable]
../CC2500.c:14:21: fatal error: include.h: Nincs ilyen fájl vagy könyvtár
subdir.mk:27: recipe for target 'CC2500.o' failed
compilation terminated.
make: *** [CC2500.o] Error 1
22:27:46 **** Incremental Build of configuration Release for project BaseStationNode ****
make all 
Building file: ../CC2500.c
Invoking: MSP430 C Compiler
msp430-gcc -O3 -g0 -Wall -mmcu=msp430f2274 -std=gnu99 -c -o "CC2500.o" "../CC2500.c"
../CC2500.c:14:21: fatal error: include.h: Nincs ilyen fájl vagy könyvtár
compilation terminated.
make: *** [CC2500.o] Error 1
subdir.mk:27: recipe for target 'CC2500.o' failed
22:28:26 **** Incremental Build of configuration Release for project BaseStationNode ****
make all 
Building file: ../CC2500.c
Invoking: MSP430 C Compiler
msp430-gcc -O3 -g0 -Wall -mmcu=msp430f2274 -std=gnu99 -c -o "CC2500.o" "../CC2500.c"
Finished building: ../CC2500.c
 
Building file: ../TI_CC_spi.c
Invoking: MSP430 C Compiler
msp430-gcc -O3 -g0 -Wall -mmcu=msp430f2274 -std=gnu99 -c -o "TI_CC_spi.o" "../TI_CC_spi.c"
../TI_CC_spi.c: In function ‘TI_CC_SPIReadBurstReg’:
../TI_CC_spi.c:168:5: warning: array subscript has type ‘char’ [-Wchar-subscripts]
Finished building: ../TI_CC_spi.c
 
Building file: ../UART.c
Invoking: MSP430 C Compiler
msp430-gcc -O3 -g0 -Wall -mmcu=msp430f2274 -std=gnu99 -c -o "UART.o" "../UART.c"
Finished building: ../UART.c
 
Building file: ../utility.c
Invoking: MSP430 C Compiler
msp430-gcc -O3 -g0 -Wall -mmcu=msp430f2274 -std=gnu99 -c -o "utility.o" "../utility.c"
Finished building: ../utility.c
 
Building target: BaseStationNode.elf
Invoking: MSP430 Linker
msp430-gcc  ./BS_DataLinkLayer.o ./BS_PhysicLayer.o ./BS_main.o ./CC2500.o ./TI_CC_spi.o ./UART.o ./utility.o  -mmcu=msp430f2274 -o "BaseStationNode.elf"
Finished building target: BaseStationNode.elf
 
22:28:27 **** Incremental Build of configuration Release for project BaseStationNode ****
make all 
make: Nothing to be done for 'all'.
22:29:37 **** Incremental Build of configuration Release for project MeasureNode ****
make all 
Building file: ../M_main.c
Invoking: MSP430 C Compiler
msp430-gcc -O3 -g0 -Wall -mmcu=msp430f2274 -std=gnu99 -c -o "M_main.o" "../M_main.c"
../M_main.c: In function ‘main’:
../M_main.c:119:4: warning: implicit declaration of function ‘getParentNode’ [-Wimplicit-function-declaration]
../M_main.c:120:4: warning: implicit declaration of function ‘getDistance’ [-Wimplicit-function-declaration]
../M_main.c:113:7: warning: unused variable ‘txbuffertmp’ [-Wunused-variable]
Finished building: ../M_main.c
 
Building target: MeasureNode.elf
Invoking: MSP430 Linker
msp430-gcc  ./CC2500.o ./M_DataLinkLayer.o ./M_PhysicLayer.o ./M_main.o ./TI_CC_spi.o ./UART.o ./utility.o  -mmcu=msp430f2274 -o "MeasureNode.elf"
Finished building target: MeasureNode.elf
 
22:29:38 **** Incremental Build of configuration Release for project MeasureNode ****
make all 
make: Nothing to be done for 'all'.
22:29:51 **** Incremental Build of configuration Release for project MeasureNode ****
make all 
Building file: ../M_main.c
Invoking: MSP430 C Compiler
msp430-gcc -O3 -g0 -Wall -mmcu=msp430f2274 -std=gnu99 -c -o "M_main.o" "../M_main.c"
../M_main.c: In function ‘main’:
../M_main.c:119:4: warning: implicit declaration of function ‘getParentNode’ [-Wimplicit-function-declaration]
../M_main.c:120:4: warning: implicit declaration of function ‘getDistance’ [-Wimplicit-function-declaration]
../M_main.c:113:7: warning: unused variable ‘txbuffertmp’ [-Wunused-variable]
Finished building: ../M_main.c
 
Building target: MeasureNode.elf
Invoking: MSP430 Linker
msp430-gcc  ./CC2500.o ./M_DataLinkLayer.o ./M_PhysicLayer.o ./M_main.o ./TI_CC_spi.o ./UART.o ./utility.o  -mmcu=msp430f2274 -o "MeasureNode.elf"
Finished building target: MeasureNode.elf
 
22:29:52 **** Incremental Build of configuration Release for project MeasureNode ****
make all 
make: Nothing to be done for 'all'.
22:30:14 **** Incremental Build of configuration Release for project BaseStationNode ****
make all 
make: Nothing to be done for 'all'.
22:30:15 **** Incremental Build of configuration Release for project BaseStationNode ****
make all 
make: Nothing to be done for 'all'.
22:30:43 **** Incremental Build of configuration Release for project MeasureNode ****
make all 
Building file: ../M_main.c
Invoking: MSP430 C Compiler
msp430-gcc -O3 -g0 -Wall -mmcu=msp430f2274 -std=gnu99 -c -o "M_main.o" "../M_main.c"
../M_main.c: In function ‘main’:
../M_main.c:119:4: warning: implicit declaration of function ‘getParentNode’ [-Wimplicit-function-declaration]
../M_main.c:120:4: warning: implicit declaration of function ‘getDistance’ [-Wimplicit-function-declaration]
../M_main.c:113:7: warning: unused variable ‘txbuffertmp’ [-Wunused-variable]
Finished building: ../M_main.c
 
Building target: MeasureNode.elf
Invoking: MSP430 Linker
msp430-gcc  ./CC2500.o ./M_DataLinkLayer.o ./M_PhysicLayer.o ./M_main.o ./TI_CC_spi.o ./UART.o ./utility.o  -mmcu=msp430f2274 -o "MeasureNode.elf"
Finished building target: MeasureNode.elf
 
22:30:44 **** Incremental Build of configuration Release for project MeasureNode ****
make all 
make: Nothing to be done for 'all'.
22:31:28 **** Incremental Build of configuration Release for project MeasureNode ****
make all 
make: Nothing to be done for 'all'.
22:31:29 **** Incremental Build of configuration Release for project MeasureNode ****
make all 
make: Nothing to be done for 'all'.
22:35:14 **** Incremental Build of configuration Release for project MeasureNode ****
make all 
make: Nothing to be done for 'all'.
22:35:14 **** Incremental Build of configuration Release for project MeasureNode ****
make all 
make: Nothing to be done for 'all'.
22:35:43 **** Incremental Build of configuration Release for project MeasureNode ****
make all 
Building file: ../M_main.c
Invoking: MSP430 C Compiler
msp430-gcc -O3 -g0 -Wall -mmcu=msp430f2274 -std=gnu99 -c -o "M_main.o" "../M_main.c"
../M_main.c: In function ‘main’:
../M_main.c:119:4: warning: implicit declaration of function ‘getParentNode’ [-Wimplicit-function-declaration]
../M_main.c:120:4: warning: implicit declaration of function ‘getDistance’ [-Wimplicit-function-declaration]
../M_main.c:113:7: warning: unused variable ‘txbuffertmp’ [-Wunused-variable]
Finished building: ../M_main.c
 
Building target: MeasureNode.elf
Invoking: MSP430 Linker
msp430-gcc  ./CC2500.o ./M_DataLinkLayer.o ./M_PhysicLayer.o ./M_main.o ./TI_CC_spi.o ./UART.o ./utility.o  -mmcu=msp430f2274 -o "MeasureNode.elf"
Finished building target: MeasureNode.elf
 
22:35:43 **** Incremental Build of configuration Release for project MeasureNode ****
make all 
make: Nothing to be done for 'all'.
22:38:23 **** Incremental Build of configuration Release for project BaseStationNode ****
make all 
make: Nothing to be done for 'all'.
22:38:23 **** Incremental Build of configuration Release for project BaseStationNode ****
make all 
make: Nothing to be done for 'all'.
22:38:53 **** Incremental Build of configuration Release for project MeasureNode ****
make all 
Building file: ../M_main.c
Invoking: MSP430 C Compiler
msp430-gcc -O3 -g0 -Wall -mmcu=msp430f2274 -std=gnu99 -c -o "M_main.o" "../M_main.c"
../M_main.c: In function ‘main’:
../M_main.c:119:4: warning: implicit declaration of function ‘getParentNode’ [-Wimplicit-function-declaration]
../M_main.c:120:4: warning: implicit declaration of function ‘getDistance’ [-Wimplicit-function-declaration]
../M_main.c:113:7: warning: unused variable ‘txbuffertmp’ [-Wunused-variable]
Finished building: ../M_main.c
 
Building target: MeasureNode.elf
Invoking: MSP430 Linker
msp430-gcc  ./CC2500.o ./M_DataLinkLayer.o ./M_PhysicLayer.o ./M_main.o ./TI_CC_spi.o ./UART.o ./utility.o  -mmcu=msp430f2274 -o "MeasureNode.elf"
Finished building target: MeasureNode.elf
 
22:38:54 **** Incremental Build of configuration Release for project MeasureNode ****
make all 
make: Nothing to be done for 'all'.
